* using log directory ‘/Users/mayukha/UBC Material and Labs/Data 534/Data534-Project/githubapistats.Rcheck’
* using R version 4.1.1 (2021-08-10)
* using platform: x86_64-apple-darwin17.0 (64-bit)
* using session charset: UTF-8
* using options ‘--no-manual --as-cran’
* checking for file ‘githubapistats/DESCRIPTION’ ... OK
* checking extension type ... Package
* this is package ‘githubapistats’ version ‘0.1.0’
* package encoding: UTF-8
* checking package namespace information ... OK
* checking package dependencies ... OK
* checking if this is a source package ... OK
* checking if there is a namespace ... OK
* checking for executable files ... OK
* checking for hidden files and directories ... OK
* checking for portable file names ... OK
* checking for sufficient/correct file permissions ... OK
* checking serialization versions ... OK
* checking whether package ‘githubapistats’ can be installed ... WARNING
Found the following significant warnings:
  Warning: replacing previous import ‘testthat::test_file’ by ‘devtools::test_file’ when loading ‘githubapistats’
  Warning: replacing previous import ‘testthat::matches’ by ‘dplyr::matches’ when loading ‘githubapistats’
See ‘/Users/mayukha/UBC Material and Labs/Data 534/Data534-Project/githubapistats.Rcheck/00install.out’ for details.
* checking installed package size ... OK
* checking package directory ... OK
* checking for future file timestamps ... OK
* checking DESCRIPTION meta-information ... NOTE
License components which are templates and need '+ file LICENSE':
  MIT License
Package listed in more than one of Depends, Imports, Suggests, Enhances:
  ‘testthat’
A package should be listed in only one of these fields.
* checking top-level files ... NOTE
File
  LICENSE
is not mentioned in the DESCRIPTION file.
* checking for left-over files ... OK
* checking index information ... OK
* checking package subdirectories ... OK
* checking R files for non-ASCII characters ... OK
* checking R files for syntax errors ... OK
* checking whether the package can be loaded ... OK
* checking whether the package can be loaded with stated dependencies ... OK
* checking whether the package can be unloaded cleanly ... OK
* checking whether the namespace can be loaded with stated dependencies ... OK
* checking whether the namespace can be unloaded cleanly ... OK
* checking dependencies in R code ... OK
* checking S3 generic/method consistency ... OK
* checking replacement functions ... OK
* checking foreign function calls ... OK
* checking R code for possible problems ... NOTE
git_stats : adds_per_user: no visible binding for global variable ‘w’
git_stats : adds_per_user: no visible binding for global variable ‘a’
git_stats : deletes_per_user: no visible binding for global variable
  ‘w’
git_stats : deletes_per_user: no visible binding for global variable
  ‘d’
git_stats : commits_per_user: no visible binding for global variable
  ‘w’
git_stats : everything_per_user: no visible binding for global variable
  ‘w’
git_stats : everything_per_user: no visible binding for global variable
  ‘a’
git_stats : everything_per_user: no visible binding for global variable
  ‘d’
git_stats : adds_per_user_viz: no visible global function definition
  for ‘ggplot’
git_stats : adds_per_user_viz: no visible global function definition
  for ‘aes’
git_stats : adds_per_user_viz: no visible binding for global variable
  ‘w’
git_stats : adds_per_user_viz: no visible binding for global variable
  ‘adds’
git_stats : adds_per_user_viz: no visible global function definition
  for ‘geom_line’
git_stats : adds_per_user_viz: no visible global function definition
  for ‘xlab’
git_stats : adds_per_user_viz: no visible global function definition
  for ‘ylab’
git_stats : adds_per_user_viz: no visible global function definition
  for ‘theme_bw’
git_stats : adds_per_user_viz: no visible global function definition
  for ‘theme’
git_stats : adds_per_user_viz: no visible global function definition
  for ‘element_text’
git_stats : deletes_per_user_viz: no visible global function definition
  for ‘ggplot’
git_stats : deletes_per_user_viz: no visible global function definition
  for ‘aes’
git_stats : deletes_per_user_viz: no visible binding for global
  variable ‘w’
git_stats : deletes_per_user_viz: no visible binding for global
  variable ‘deletes’
git_stats : deletes_per_user_viz: no visible global function definition
  for ‘geom_line’
git_stats : deletes_per_user_viz: no visible global function definition
  for ‘xlab’
git_stats : deletes_per_user_viz: no visible global function definition
  for ‘ylab’
git_stats : deletes_per_user_viz: no visible global function definition
  for ‘theme_bw’
git_stats : deletes_per_user_viz: no visible global function definition
  for ‘theme’
git_stats : deletes_per_user_viz: no visible global function definition
  for ‘element_text’
git_stats : commits_per_user_viz: no visible global function definition
  for ‘ggplot’
git_stats : commits_per_user_viz: no visible global function definition
  for ‘aes’
git_stats : commits_per_user_viz: no visible binding for global
  variable ‘w’
git_stats : commits_per_user_viz: no visible binding for global
  variable ‘commits’
git_stats : commits_per_user_viz: no visible global function definition
  for ‘geom_line’
git_stats : commits_per_user_viz: no visible global function definition
  for ‘xlab’
git_stats : commits_per_user_viz: no visible global function definition
  for ‘ylab’
git_stats : commits_per_user_viz: no visible global function definition
  for ‘theme_bw’
git_stats : commits_per_user_viz: no visible global function definition
  for ‘theme’
git_stats : commits_per_user_viz: no visible global function definition
  for ‘element_text’
git_stats : everything_per_user_viz: no visible global function
  definition for ‘ggplot’
git_stats : everything_per_user_viz: no visible global function
  definition for ‘aes’
git_stats : everything_per_user_viz: no visible binding for global
  variable ‘w’
git_stats : everything_per_user_viz: no visible binding for global
  variable ‘commits’
git_stats : everything_per_user_viz: no visible global function
  definition for ‘geom_line’
git_stats : everything_per_user_viz: no visible global function
  definition for ‘xlab’
git_stats : everything_per_user_viz: no visible global function
  definition for ‘ylab’
git_stats : everything_per_user_viz: no visible global function
  definition for ‘theme_bw’
git_stats : everything_per_user_viz: no visible global function
  definition for ‘theme’
git_stats : everything_per_user_viz: no visible global function
  definition for ‘element_text’
git_stats : everything_per_user_viz: no visible binding for global
  variable ‘deletes’
git_stats : everything_per_user_viz: no visible binding for global
  variable ‘adds’
git_stats: no visible binding for global variable ‘adds’
git_stats: no visible binding for global variable ‘deletes’
git_stats: no visible binding for global variable ‘commits’
Undefined global functions or variables:
  a adds aes commits d deletes element_text geom_line ggplot theme
  theme_bw w xlab ylab
* checking Rd files ... OK
* checking Rd metadata ... OK
* checking Rd line widths ... OK
* checking Rd cross-references ... OK
* checking for missing documentation entries ... OK
* checking for code/documentation mismatches ... OK
* checking Rd \usage sections ... WARNING
Undocumented arguments in documentation object 'git_stats'
  ‘repo_name’

Functions with \usage entries need to have the appropriate \alias
entries, and all their arguments documented.
The \usage entries must correspond to syntactically valid R code.
See chapter ‘Writing R documentation files’ in the ‘Writing R
Extensions’ manual.
* checking Rd contents ... OK
* checking for unstated dependencies in examples ... OK
* checking examples ... NONE
* checking for unstated dependencies in ‘tests’ ... OK
* checking tests ... OK
  Running ‘testthat.R’
* checking for non-standard things in the check directory ... OK
* checking for detritus in the temp directory ... OK
* DONE
Status: 2 WARNINGs, 3 NOTEs
